[2025-05-20 20:33:36,577] 1025 httpx-INFO-HTTP Request: GET https://dagshub.com/api/v1/user "HTTP/1.1 200 OK"
[2025-05-20 20:33:36,589] 107 dagshub-INFO-Accessing as HardikKumar117
[2025-05-20 20:33:37,637] 1025 httpx-INFO-HTTP Request: GET https://dagshub.com/api/v1/repos/HardikKumar117/networksecurity "HTTP/1.1 200 OK"
[2025-05-20 20:33:38,702] 1025 httpx-INFO-HTTP Request: GET https://dagshub.com/api/v1/user "HTTP/1.1 200 OK"
[2025-05-20 20:33:38,705] 107 dagshub-INFO-Initialized MLflow to track repo "HardikKumar117/networksecurity"
[2025-05-20 20:33:38,707] 107 dagshub-INFO-Repository HardikKumar117/networksecurity initialized!
[2025-05-20 20:34:26,069] 26 root-INFO-Start the data ingestion
[2025-05-20 20:34:40,195] 48 root-INFO-Performed train test split
[2025-05-20 20:34:40,195] 49 root-INFO-Exited the split_data_train_test method of DataIngestion class
[2025-05-20 20:34:40,196] 52 root-INFO-Exporting train and test file path
[2025-05-20 20:34:40,272] 55 root-INFO-Exported data to training and testing path 
[2025-05-20 20:34:40,273] 28 root-INFO-DataIngestionArtifact(trained_file_path='Artifacts\\05_20_2025_20_34_26\\ingested\\train.csv', test_file_path='Artifacts\\05_20_2025_20_34_26\\ingested\\test.csv') is created as a result of data ingestion
[2025-05-20 20:34:40,307] 38 root-INFO-Start the data validation
[2025-05-20 20:34:40,401] 30 root-INFO-required number of columns2
[2025-05-20 20:34:40,401] 31 root-INFO-Dataframe has columns:31
[2025-05-20 20:34:40,401] 30 root-INFO-required number of columns2
[2025-05-20 20:34:40,401] 31 root-INFO-Dataframe has columns:31
[2025-05-20 20:34:40,609] 79 root-INFO-Drift report written to: Artifacts\05_20_2025_20_34_26\data_validation\drift_report\report.yaml
[2025-05-20 20:34:40,689] 40 root-INFO-DataValidationArtifact(validation_status=True, valid_train_file_path='Artifacts\\05_20_2025_20_34_26\\data_validation\\validated\\train.csv', valid_test_file_path='Artifacts\\05_20_2025_20_34_26\\data_validation\\validated\\test.csv', invalid_train_file_path='Artifacts\\05_20_2025_20_34_26\\data_validation\\invalid\\test.csv', invalid_test_file_path='Artifacts\\05_20_2025_20_34_26\\data_validation\\invalid\\test.csv', drift_report_file_path='Artifacts\\05_20_2025_20_34_26\\data_validation\\drift_report\\report.yaml') is created as a result of data validation
[2025-05-20 20:34:40,689] 49 root-INFO-Start the data transformation
[2025-05-20 20:34:40,689] 44 root-INFO-Entering data transformation method
[2025-05-20 20:34:40,689] 46 root-INFO-Started the transformation
[2025-05-20 20:34:40,799] 33 root-INFO-Entered the Get_transformer method of the DataTransformation class
[2025-05-20 20:34:40,800] 37 root-INFO-Exited the transformation method of the DataTransformation class
[2025-05-20 20:34:40,824] 69 root-INFO-Savedd the data and object files
[2025-05-20 20:34:40,826] 51 root-INFO-DataTransformationArtifact(transformed_object_file_path='Artifacts\\05_20_2025_20_34_26\\validated\\transformed_object\\preprocessor_object.pkl', transformed_train_file_path='Artifacts\\05_20_2025_20_34_26\\validated\\transformed\\train.npy', transformed_test_file_path='Artifacts\\05_20_2025_20_34_26\\validated\\transformed\\test.npy') is created as a result of data transformation
[2025-05-20 20:34:40,826] 61 root-INFO-Start the model training
[2025-05-20 20:35:48,866] 120 root-INFO-the model isModelTrainerArtifact(trained_model_file_path='Artifacts\\05_20_2025_20_34_26\\trained_model\\trained_model\\model.pkl', trained_metric_artifact=ClassificationMetricArtifact(f1_score=0.9412704754294846, precision_score=0.9319620253164557, recall_score=0.9507667473769169), test_metric_artifact=ClassificationMetricArtifact(f1_score=0.9361060880048222, precision_score=0.9251389992057188, recall_score=0.9473363155754372)) 
[2025-05-20 20:35:48,866] 63 root-INFO-ModelTrainerArtifact(trained_model_file_path='Artifacts\\05_20_2025_20_34_26\\trained_model\\trained_model\\model.pkl', trained_metric_artifact=ClassificationMetricArtifact(f1_score=0.9412704754294846, precision_score=0.9319620253164557, recall_score=0.9507667473769169), test_metric_artifact=ClassificationMetricArtifact(f1_score=0.9361060880048222, precision_score=0.9251389992057188, recall_score=0.9473363155754372)) is created as a result of model training
